This is e-pTeX, Version 3.14159265-p3.8.3-191112-2.6 (utf8.euc) (TeX Live 2020) (preloaded format=platex 2022.10.2)  12 MAY 2023 13:48
entering extended mode
 restricted \write18 enabled.
 %&-line parsing enabled.
**/Users/satoshi/Documents/Documents/seminar/LATEX_cheat/cheat.tex -halt-on-err
or
(/Users/satoshi/Documents/Documents/seminar/LATEX_cheat/cheat.tex
pLaTeX2e <2020-10-01>+1 (based on LaTeX2e <2020-10-01> patch level 1)
L3 programming layer <2020-10-05> xparse <2020-03-03>
(/Applications/TeXLive/Library/texlive/2020/texmf-dist/tex/platex/jsclasses/jsr
eport.cls
Document Class: jsreport 2020/10/09 jsclasses (okumura, texjporg)
\jsc@mpt=\dimen154
\jsc@mmm=\dimen155
\jsc@smallskipamount=\skip47
LaTeX Info: Redefining \textmc on input line 498.
LaTeX Info: Redefining \textgt on input line 500.
\symmincho=\mathgroup4
LaTeX Font Info:    Overwriting symbol font `mincho' in version `bold'
(Font)                  JY1/mc/m/n --> JY1/gt/m/n on input line 562.
LaTeX Font Info:    Font shape `JT1/mc/m/n' will be
(Font)              scaled to size 9.60999pt on input line 756.
LaTeX Font Info:    Font shape `JY1/mc/m/n' will be
(Font)              scaled to size 9.60999pt on input line 756.
\fullwidth=\dimen156
LaTeX Font Info:    Font shape `JT1/mc/m/n' will be
(Font)              scaled to size 7.68799pt on input line 895.
LaTeX Font Info:    Font shape `JY1/mc/m/n' will be
(Font)              scaled to size 7.68799pt on input line 895.
\c@part=\count174
\c@chapter=\count175
\c@section=\count176
\c@subsection=\count177
\c@subsubsection=\count178
\c@paragraph=\count179
\c@subparagraph=\count180
\@abstractbox=\box64
\c@figure=\count181
\c@table=\count182
\abovecaptionskip=\skip48
\belowcaptionskip=\skip49
\jsc@tocl@width=\dimen157
\@lnumwidth=\dimen158
\bibindent=\dimen159

(/Applications/TeXLive/Library/texlive/2020/texmf-dist/tex/platex/jsclasses/jsl
ogo.sty
Package: jslogo 2019/07/25 okumura, texjporg
LaTeX Info: Redefining \TeX on input line 82.
LaTeX Info: Redefining \LaTeX on input line 135.
LaTeX Info: Redefining \LaTeXe on input line 188.
)
\heisei=\count183
)
(/Applications/TeXLive/Library/texlive/2020/texmf-dist/tex/latex/graphics/graph
icx.sty
Package: graphicx 2020/09/09 v1.2b Enhanced LaTeX Graphics (DPC,SPQR)

(/Applications/TeXLive/Library/texlive/2020/texmf-dist/tex/latex/graphics/keyva
l.sty
Package: keyval 2014/10/28 v1.15 key=value parser (DPC)
\KV@toks@=\toks16
)
(/Applications/TeXLive/Library/texlive/2020/texmf-dist/tex/latex/graphics/graph
ics.sty
Package: graphics 2020/08/30 v1.4c Standard LaTeX Graphics (DPC,SPQR)

(/Applications/TeXLive/Library/texlive/2020/texmf-dist/tex/latex/graphics/trig.
sty
Package: trig 2016/01/03 v1.10 sin cos tan (DPC)
)
(/Applications/TeXLive/Library/texlive/2020/texmf-dist/tex/latex/graphics-cfg/g
raphics.cfg
File: graphics.cfg 2016/06/04 v1.11 sample graphics configuration
)
Package graphics Info: Driver file: dvipdfmx.def on input line 105.

(/Applications/TeXLive/Library/texlive/2020/texmf-dist/tex/latex/graphics-def/d
vipdfmx.def
File: dvipdfmx.def 2020/08/26 v5.0h Graphics/color driver for dvipdfmx
))
\Gin@req@height=\dimen160
\Gin@req@width=\dimen161
)
(/Applications/TeXLive/Library/texlive/2020/texmf-dist/tex/latex/geometry/geome
try.sty
Package: geometry 2020/01/02 v5.9 Page Geometry

(/Applications/TeXLive/Library/texlive/2020/texmf-dist/tex/generic/iftex/ifvtex
.sty
Package: ifvtex 2019/10/25 v1.7 ifvtex legacy package. Use iftex instead.

(/Applications/TeXLive/Library/texlive/2020/texmf-dist/tex/generic/iftex/iftex.
sty
Package: iftex 2020/03/06 v1.0d TeX engine tests
))
\Gm@cnth=\count184
\Gm@cntv=\count185
\c@Gm@tempcnt=\count186
\Gm@bindingoffset=\dimen162
\Gm@wd@mp=\dimen163
\Gm@odd@mp=\dimen164
\Gm@even@mp=\dimen165
\Gm@layoutwidth=\dimen166
\Gm@layoutheight=\dimen167
\Gm@layouthoffset=\dimen168
\Gm@layoutvoffset=\dimen169
\Gm@dimlist=\toks17
)
(/Applications/TeXLive/Library/texlive/2020/texmf-dist/tex/latex/listings/listi
ngs.sty
\lst@mode=\count187
\lst@gtempboxa=\box65
\lst@token=\toks18
\lst@length=\count188
\lst@currlwidth=\dimen170
\lst@column=\count189
\lst@pos=\count190
\lst@lostspace=\dimen171
\lst@width=\dimen172
\lst@newlines=\count191
\lst@lineno=\count192
\lst@maxwidth=\dimen173

(/Applications/TeXLive/Library/texlive/2020/texmf-dist/tex/latex/listings/lstmi
sc.sty
File: lstmisc.sty 2020/03/24 1.8d (Carsten Heinz)
\c@lstnumber=\count193
\lst@skipnumbers=\count194
\lst@framebox=\box66
)
(/Applications/TeXLive/Library/texlive/2020/texmf-dist/tex/latex/listings/listi
ngs.cfg
File: listings.cfg 2020/03/24 1.8d listings configuration
))
Package: listings 2020/03/24 1.8d (Carsten Heinz)

(/Applications/TeXLive/Library/texlive/2020/texmf-dist/tex/latex/listings/jlist
ing.sty
Package: jlisting 2006/02/20 0.2 (Thor)
\lst@nextchar=\count195
\lst@inputfile=\read2
)
(/Applications/TeXLive/Library/texlive/2020/texmf-dist/tex/latex/amsfonts/amsfo
nts.sty
Package: amsfonts 2013/01/14 v3.01 Basic AMSFonts support
\@emptytoks=\toks19
\symAMSa=\mathgroup5
\symAMSb=\mathgroup6
LaTeX Font Info:    Redeclaring math symbol \hbar on input line 98.
LaTeX Font Info:    Overwriting math alphabet `\mathfrak' in version `bold'
(Font)                  U/euf/m/n --> U/euf/b/n on input line 106.
)
(/Applications/TeXLive/Library/texlive/2020/texmf-dist/tex/latex/amsmath/amsmat
h.sty
Package: amsmath 2020/09/23 v2.17i AMS math features
\@mathmargin=\skip50

For additional information on amsmath, use the `?' option.

(/Applications/TeXLive/Library/texlive/2020/texmf-dist/tex/latex/amsmath/amstex
t.sty
Package: amstext 2000/06/29 v2.01 AMS text

(/Applications/TeXLive/Library/texlive/2020/texmf-dist/tex/latex/amsmath/amsgen
.sty
File: amsgen.sty 1999/11/30 v2.0 generic functions
\@emptytoks=\toks20
\ex@=\dimen174
))
(/Applications/TeXLive/Library/texlive/2020/texmf-dist/tex/latex/amsmath/amsbsy
.sty
Package: amsbsy 1999/11/29 v1.2d Bold Symbols
\pmbraise@=\dimen175
)
(/Applications/TeXLive/Library/texlive/2020/texmf-dist/tex/latex/amsmath/amsopn
.sty
Package: amsopn 2016/03/08 v2.02 operator names
)
\inf@bad=\count196
LaTeX Info: Redefining \frac on input line 234.
\uproot@=\count197
\leftroot@=\count198
LaTeX Info: Redefining \overline on input line 399.
\classnum@=\count199
\DOTSCASE@=\count266
LaTeX Info: Redefining \ldots on input line 496.
LaTeX Info: Redefining \dots on input line 499.
LaTeX Info: Redefining \cdots on input line 620.
\Mathstrutbox@=\box67
\strutbox@=\box68
\big@size=\dimen176
LaTeX Font Info:    Redeclaring font encoding OML on input line 743.
LaTeX Font Info:    Redeclaring font encoding OMS on input line 744.
\macc@depth=\count267
\c@MaxMatrixCols=\count268
\dotsspace@=\muskip16
\c@parentequation=\count269
\dspbrk@lvl=\count270
\tag@help=\toks21
\row@=\count271
\column@=\count272
\maxfields@=\count273
\andhelp@=\toks22
\eqnshift@=\dimen177
\alignsep@=\dimen178
\tagshift@=\dimen179
\tagwidth@=\dimen180
\totwidth@=\dimen181
\lineht@=\dimen182
\@envbody=\toks23
\multlinegap=\skip51
\multlinetaggap=\skip52
\mathdisplay@stack=\toks24
LaTeX Info: Redefining \[ on input line 2923.
LaTeX Info: Redefining \] on input line 2924.
)
(/Applications/TeXLive/Library/texlive/2020/texmf-dist/tex/latex/amscls/amsthm.
sty
Package: amsthm 2020/05/29 v2.20.6
\thm@style=\toks25
\thm@bodyfont=\toks26
\thm@headfont=\toks27
\thm@notefont=\toks28
\thm@headpunct=\toks29
\thm@preskip=\skip53
\thm@postskip=\skip54
\thm@headsep=\skip55
\dth@everypar=\toks30
)
(/Applications/TeXLive/Library/texlive/2020/texmf-dist/tex/latex/mathtools/math
tools.sty
Package: mathtools 2020/03/24 v1.24 mathematical typesetting tools

(/Applications/TeXLive/Library/texlive/2020/texmf-dist/tex/latex/tools/calc.sty
Package: calc 2017/05/25 v4.3 Infix arithmetic (KKT,FJ)
\calc@Acount=\count274
\calc@Bcount=\count275
\calc@Adimen=\dimen183
\calc@Bdimen=\dimen184
\calc@Askip=\skip56
\calc@Bskip=\skip57
LaTeX Info: Redefining \setlength on input line 80.
LaTeX Info: Redefining \addtolength on input line 81.
\calc@Ccount=\count276
\calc@Cskip=\skip58
)
(/Applications/TeXLive/Library/texlive/2020/texmf-dist/tex/latex/mathtools/mhse
tup.sty
Package: mhsetup 2017/03/31 v1.3 programming setup (MH)
)
LaTeX Info: Thecontrolsequence`\('isalreadyrobust on input line 130.
LaTeX Info: Thecontrolsequence`\)'isalreadyrobust on input line 130.
LaTeX Info: Thecontrolsequence`\['isalreadyrobust on input line 130.
LaTeX Info: Thecontrolsequence`\]'isalreadyrobust on input line 130.
\g_MT_multlinerow_int=\count277
\l_MT_multwidth_dim=\dimen185
\origjot=\skip59
\l_MT_shortvdotswithinadjustabove_dim=\dimen186
\l_MT_shortvdotswithinadjustbelow_dim=\dimen187
\l_MT_above_intertext_sep=\dimen188
\l_MT_below_intertext_sep=\dimen189
\l_MT_above_shortintertext_sep=\dimen190
\l_MT_below_shortintertext_sep=\dimen191
\xmathstrut@box=\box69
\xmathstrut@dim=\dimen192
)
(/Applications/TeXLive/Library/texlive/2020/texmf-dist/tex/latex/amsfonts/amssy
mb.sty
Package: amssymb 2013/01/14 v3.01 AMS font symbols
)
(/Applications/TeXLive/Library/texlive/2020/texmf-dist/tex/latex/physics/physic
s.sty
Package: physics 

(/Applications/TeXLive/Library/texlive/2020/texmf-dist/tex/latex/l3packages/xpa
rse/xparse.sty
(/Applications/TeXLive/Library/texlive/2020/texmf-dist/tex/latex/l3kernel/expl3
.sty
Package: expl3 2020-10-05 L3 programming layer (loader) 

(/Applications/TeXLive/Library/texlive/2020/texmf-dist/tex/latex/l3backend/l3ba
ckend-dvips.def
File: l3backend-dvips.def 2020-09-24 L3 backend support: dvips
\l__pdf_internal_box=\box70
\g__pdf_backend_object_int=\count278
\l__pdf_backend_content_box=\box71
\l__pdf_backend_model_box=\box72
\g__pdf_backend_annotation_int=\count279
\g__pdf_backend_link_int=\count280
\g__pdf_backend_link_sf_int=\count281
))
Package: xparse 2020-10-05 L3 Experimental document command parser

(/Applications/TeXLive/Library/texlive/2020/texmf-dist/tex/latex/l3packages/xpa
rse/xparse-generic.tex)))
(/Applications/TeXLive/Library/texlive/2020/texmf-dist/tex/latex/comment/commen
t.sty
\CommentStream=\write3
 Excluding comment 'comment')
(/Applications/TeXLive/Library/texlive/2020/texmf-dist/tex/latex/url/url.sty
\Urlmuskip=\muskip17
Package: url 2013/09/16  ver 3.4  Verb mode for urls, etc.
)
(/Applications/TeXLive/Library/texlive/2020/texmf-dist/tex/latex/bxtexlogo/bxte
xlogo.sty
Package: bxtexlogo 2018/03/31 v0.4

(/Applications/TeXLive/Library/texlive/2020/texmf-dist/tex/generic/hologo/holog
o.sty
Package: hologo 2019/12/05 v1.14 A logo collection with bookmark support (HO)

(/Applications/TeXLive/Library/texlive/2020/texmf-dist/tex/generic/ltxcmds/ltxc
mds.sty
Package: ltxcmds 2020-05-10 v1.25 LaTeX kernel commands for general use (HO)
)
(/Applications/TeXLive/Library/texlive/2020/texmf-dist/tex/generic/infwarerr/in
fwarerr.sty
Package: infwarerr 2019/12/03 v1.5 Providing info/warning/error messages (HO)
)
(/Applications/TeXLive/Library/texlive/2020/texmf-dist/tex/generic/kvsetkeys/kv
setkeys.sty
Package: kvsetkeys 2019/12/15 v1.18 Key value parser (HO)
)
(/Applications/TeXLive/Library/texlive/2020/texmf-dist/tex/generic/kvdefinekeys
/kvdefinekeys.sty
Package: kvdefinekeys 2019-12-19 v1.6 Define keys (HO)
)
(/Applications/TeXLive/Library/texlive/2020/texmf-dist/tex/generic/pdftexcmds/p
dftexcmds.sty
Package: pdftexcmds 2020-06-27 v0.33 Utility functions of pdfTeX for LuaTeX (HO
)
Package pdftexcmds Info: \pdf@primitive is available.
Package pdftexcmds Info: \pdf@ifprimitive is available.
Package pdftexcmds Info: \pdfdraftmode not found.
))
\bxlg@g@height=\dimen193
)
\c@dfn=\count282
\c@thm=\count283

(/Applications/TeXLive/Library/texlive/2020/texmf-dist/tex/latex/listings/lstla
ng1.sty
File: lstlang1.sty 2020/03/24 1.8d listings language file
)
(/Applications/TeXLive/Library/texlive/2020/texmf-dist/tex/latex/listings/lstmi
sc.sty
File: lstmisc.sty 2020/03/24 1.8d (Carsten Heinz)
) (./cheat.aux)
\openout1 = `cheat.aux'.

LaTeX Font Info:    Checking defaults for OML/cmm/m/it on input line 40.
LaTeX Font Info:    ... okay on input line 40.
LaTeX Font Info:    Checking defaults for OMS/cmsy/m/n on input line 40.
LaTeX Font Info:    ... okay on input line 40.
LaTeX Font Info:    Checking defaults for OT1/cmr/m/n on input line 40.
LaTeX Font Info:    ... okay on input line 40.
LaTeX Font Info:    Checking defaults for T1/cmr/m/n on input line 40.
LaTeX Font Info:    ... okay on input line 40.
LaTeX Font Info:    Checking defaults for TS1/cmr/m/n on input line 40.
LaTeX Font Info:    ... okay on input line 40.
LaTeX Font Info:    Checking defaults for OMX/cmex/m/n on input line 40.
LaTeX Font Info:    ... okay on input line 40.
LaTeX Font Info:    Checking defaults for U/cmr/m/n on input line 40.
LaTeX Font Info:    ... okay on input line 40.
LaTeX Font Info:    Checking defaults for JY1/mc/m/n on input line 40.
LaTeX Font Info:    ... okay on input line 40.
LaTeX Font Info:    Checking defaults for JT1/mc/m/n on input line 40.
LaTeX Font Info:    ... okay on input line 40.

*geometry* driver: auto-detecting
*geometry* detected driver: dvips
*geometry* verbose mode - [ preamble ] result:
* driver: dvips
* paper: a4paper
* layout: <same size as paper>
* layoutoffset:(h,v)=(0.0pt,0.0pt)
* modes: 
* h-part:(L,W,R)=(71.13188pt, 455.24411pt, 71.13188pt)
* v-part:(T,H,B)=(71.13188pt, 702.78308pt, 71.13188pt)
* \paperwidth=654.26651pt
* \paperheight=925.30975pt
* \textwidth=455.24411pt
* \textheight=702.78308pt
* \oddsidemargin=-1.1381pt
* \evensidemargin=-1.1381pt
* \topmargin=-34.36624pt
* \headheight=20.0pt
* \headsep=13.22813pt
* \topskip=12.76073pt
* \footskip=25.98886pt
* \marginparwidth=18.49374pt
* \marginparsep=18.49374pt
* \columnsep=18.49374pt
* \skip\footins=16.0pt plus 5.0pt minus 2.0pt
* \hoffset=6.27573pt
* \voffset=6.27573pt
* \mag=1095
* \@twocolumnfalse
* \@twosidefalse
* \@mparswitchfalse
* \@reversemarginfalse
* (1in=72.27pt=25.4mm, 1cm=28.453pt)

\c@lstlisting=\count284
LaTeX Font Info:    Font shape `JT1/mc/m/n' will be
(Font)              scaled to size 16.60605pt on input line 45.
LaTeX Font Info:    Font shape `JY1/mc/m/n' will be
(Font)              scaled to size 16.60605pt on input line 45.
LaTeX Font Info:    Font shape `JY1/mc/m/n' will be
(Font)              scaled to size 11.53198pt on input line 45.
LaTeX Font Info:    Trying to load font information for U+msa on input line 45.


(/Applications/TeXLive/Library/texlive/2020/texmf-dist/tex/latex/amsfonts/umsa.
fd
File: umsa.fd 2013/01/14 v3.01 AMS symbols A
)
LaTeX Font Info:    Trying to load font information for U+msb on input line 45.


(/Applications/TeXLive/Library/texlive/2020/texmf-dist/tex/latex/amsfonts/umsb.
fd
File: umsb.fd 2013/01/14 v3.01 AMS symbols B
)
LaTeX Font Info:    Font shape `JT1/mc/m/n' will be
(Font)              scaled to size 11.53198pt on input line 45.
LaTeX Font Info:    Font shape `JY1/mc/m/n' will be
(Font)              scaled to size 5.76599pt on input line 45.
 [1

]
LaTeX Font Info:    Font shape `JT1/mc/m/n' will be
(Font)              scaled to size 23.90964pt on input line 47.
LaTeX Font Info:    Font shape `JY1/mc/m/n' will be
(Font)              scaled to size 23.90964pt on input line 47.
LaTeX Font Info:    Font shape `JT1/gt/m/n' will be
(Font)              scaled to size 23.90964pt on input line 47.
LaTeX Font Info:    Font shape `JY1/gt/m/n' will be
(Font)              scaled to size 23.90964pt on input line 47.
LaTeX Font Info:    Font shape `JY1/mc/m/n' will be
(Font)              scaled to size 6.72699pt on input line 49.
LaTeX Font Info:    Font shape `JY1/mc/m/n' will be
(Font)              scaled to size 4.805pt on input line 49.
LaTeX Font Info:    Font shape `JT1/mc/m/n' will be
(Font)              scaled to size 6.72699pt on input line 49.
LaTeX Font Info:    Font shape `JT1/gt/m/n' will be
(Font)              scaled to size 9.60999pt on input line 62.
LaTeX Font Info:    Font shape `JY1/gt/m/n' will be
(Font)              scaled to size 9.60999pt on input line 62.
 [1

] (./cheat.toc)
\tf@toc=\write4
\openout4 = `cheat.toc'.

 [2

]
第1章
LaTeX Font Info:    Font shape `JT1/mc/m/n' will be
(Font)              scaled to size 19.9311pt on input line 64.
LaTeX Font Info:    Font shape `JY1/mc/m/n' will be
(Font)              scaled to size 19.9311pt on input line 64.
LaTeX Font Info:    Font shape `JT1/gt/m/n' will be
(Font)              scaled to size 19.9311pt on input line 64.
LaTeX Font Info:    Font shape `JY1/gt/m/n' will be
(Font)              scaled to size 19.9311pt on input line 64.
LaTeX Font Info:    Font shape `JT1/mc/m/n' will be
(Font)              scaled to size 13.83836pt on input line 66.
LaTeX Font Info:    Font shape `JY1/mc/m/n' will be
(Font)              scaled to size 13.83836pt on input line 66.
LaTeX Font Info:    Font shape `JT1/gt/m/n' will be
(Font)              scaled to size 13.83836pt on input line 66.
LaTeX Font Info:    Font shape `JY1/gt/m/n' will be
(Font)              scaled to size 13.83836pt on input line 66.
[3

]
第2章
[4

]
LaTeX Font Info:    Font shape `JT1/gt/m/n' will be
(Font)              scaled to size 11.53198pt on input line 164.
LaTeX Font Info:    Font shape `JY1/gt/m/n' will be
(Font)              scaled to size 11.53198pt on input line 164.
 [5] [6]
第3章
[7

] (./cheat.bbl [8]) [9

] (./cheat.aux) ) 
Here is how much of TeX's memory you used:
 6528 strings out of 480388
 95311 string characters out of 5887454
 593213 words of memory out of 5000000
 23212 multiletter control sequences out of 15000+600000
 554863 words of font info for 121 fonts, out of 8000000 for 9000
 934 hyphenation exceptions out of 8191
 78i,9n,86p,401b,368s stack positions out of 5000i,500n,10000p,200000b,80000s

Output written on cheat.dvi (10 pages, 20028 bytes).
